<?xml version="1.0" encoding="UTF-8"?>
<!-- Generated by org.testng.reporters.JUnitReportReporter -->
<testsuite hostname="LAPTOP-GLAJOS1C" failures="0" tests="1" name="testRunner.TestRunner" time="61.627" errors="0" timestamp="2024-09-17T01:44:09 IST" skipped="0">
  <testcase classname="testRunner.TestRunner" name="runScenario" time="61.627"/>
</testsuite> <!-- testRunner.TestRunner -->
